Watching for file changes with StatReloader
Successfully imported extension module "markdown.extensions.toc".
Successfully loaded extension "markdown.extensions.toc.TocExtension".
Method Not Allowed: /submit/
Successfully imported extension module "markdown.extensions.toc".
Successfully loaded extension "markdown.extensions.toc.TocExtension".
Bad Request: /submit/
C:\Users\User\PycharmProjects\Postgresql_DB\Sprint\tbase\serializers.py changed, reloading.
Watching for file changes with StatReloader
C:\Users\User\PycharmProjects\Postgresql_DB\Sprint\tbase\views.py changed, reloading.
Watching for file changes with StatReloader
C:\Users\User\PycharmProjects\Postgresql_DB\Sprint\tbase\views.py changed, reloading.
Watching for file changes with StatReloader
C:\Users\User\PycharmProjects\Postgresql_DB\Sprint\tbase\serializers.py changed, reloading.
Watching for file changes with StatReloader
C:\Users\User\PycharmProjects\Postgresql_DB\Sprint\tbase\views.py changed, reloading.
Watching for file changes with StatReloader
C:\Users\User\PycharmProjects\Postgresql_DB\Sprint\tbase\urls.py changed, reloading.
Watching for file changes with StatReloader
C:\Users\User\PycharmProjects\Postgresql_DB\Sprint\Sprint\urls.py changed, reloading.
Watching for file changes with StatReloader
C:\Users\User\PycharmProjects\Postgresql_DB\Sprint\Sprint\urls.py changed, reloading.
Watching for file changes with StatReloader
C:\Users\User\PycharmProjects\Postgresql_DB\Sprint\tbase\urls.py changed, reloading.
Watching for file changes with StatReloader
C:\Users\User\PycharmProjects\Postgresql_DB\Sprint\tbase\urls.py changed, reloading.
Watching for file changes with StatReloader
Watching for file changes with StatReloader
C:\Users\User\PycharmProjects\Postgresql_DB\Sprint\tbase\urls.py changed, reloading.
Watching for file changes with StatReloader
C:\Users\User\PycharmProjects\Postgresql_DB\Sprint\tbase\urls.py changed, reloading.
Watching for file changes with StatReloader
C:\Users\User\PycharmProjects\Postgresql_DB\Sprint\tbase\urls.py changed, reloading.
Watching for file changes with StatReloader
C:\Users\User\PycharmProjects\Postgresql_DB\Sprint\tbase\urls.py changed, reloading.
Watching for file changes with StatReloader
C:\Users\User\PycharmProjects\Postgresql_DB\Sprint\tbase\urls.py changed, reloading.
Watching for file changes with StatReloader
C:\Users\User\PycharmProjects\Postgresql_DB\Sprint\tbase\urls.py changed, reloading.
Watching for file changes with StatReloader
C:\Users\User\PycharmProjects\Postgresql_DB\Sprint\tbase\urls.py changed, reloading.
Watching for file changes with StatReloader
C:\Users\User\PycharmProjects\Postgresql_DB\Sprint\tbase\urls.py changed, reloading.
Watching for file changes with StatReloader
C:\Users\User\PycharmProjects\Postgresql_DB\Sprint\tbase\urls.py changed, reloading.
Watching for file changes with StatReloader
C:\Users\User\PycharmProjects\Postgresql_DB\Sprint\Sprint\urls.py changed, reloading.
Watching for file changes with StatReloader
C:\Users\User\PycharmProjects\Postgresql_DB\Sprint\tbase\urls.py changed, reloading.
Watching for file changes with StatReloader
Successfully imported extension module "markdown.extensions.toc".
Successfully loaded extension "markdown.extensions.toc.TocExtension".
Successfully imported extension module "markdown.extensions.toc".
Successfully loaded extension "markdown.extensions.toc.TocExtension".
Method Not Allowed: /submit/
Successfully imported extension module "markdown.extensions.toc".
Successfully loaded extension "markdown.extensions.toc.TocExtension".
Method Not Allowed: /submit/
Successfully imported extension module "markdown.extensions.toc".
Successfully loaded extension "markdown.extensions.toc.TocExtension".
Successfully imported extension module "markdown.extensions.toc".
Successfully loaded extension "markdown.extensions.toc.TocExtension".
Method Not Allowed: /submit/
C:\Users\User\PycharmProjects\Postgresql_DB\Sprint\tbase\views.py changed, reloading.
Watching for file changes with StatReloader
Successfully imported extension module "markdown.extensions.toc".
Successfully loaded extension "markdown.extensions.toc.TocExtension".
Successfully imported extension module "markdown.extensions.toc".
Successfully loaded extension "markdown.extensions.toc.TocExtension".
Method Not Allowed: /submit/
Successfully imported extension module "markdown.extensions.toc".
Successfully loaded extension "markdown.extensions.toc.TocExtension".
Method Not Allowed: /submit/
C:\Users\User\PycharmProjects\Postgresql_DB\Sprint\tbase\serializers.py changed, reloading.
Watching for file changes with StatReloader
C:\Users\User\PycharmProjects\Postgresql_DB\Sprint\tbase\views.py changed, reloading.
Watching for file changes with StatReloader
C:\Users\User\PycharmProjects\Postgresql_DB\Sprint\tbase\views.py changed, reloading.
Watching for file changes with StatReloader
C:\Users\User\PycharmProjects\Postgresql_DB\Sprint\tbase\views.py changed, reloading.
Watching for file changes with StatReloader
Successfully imported extension module "markdown.extensions.toc".
Successfully loaded extension "markdown.extensions.toc.TocExtension".
Successfully imported extension module "markdown.extensions.toc".
Successfully loaded extension "markdown.extensions.toc.TocExtension".
Method Not Allowed: /submit/
Successfully imported extension module "markdown.extensions.toc".
Successfully loaded extension "markdown.extensions.toc.TocExtension".
Method Not Allowed: /submit/
C:\Users\User\PycharmProjects\Postgresql_DB\Sprint\tbase\views.py changed, reloading.
Watching for file changes with StatReloader
C:\Users\User\PycharmProjects\Postgresql_DB\Sprint\tbase\views.py changed, reloading.
Watching for file changes with StatReloader
C:\Users\User\PycharmProjects\Postgresql_DB\Sprint\tbase\views.py changed, reloading.
Watching for file changes with StatReloader
Successfully imported extension module "markdown.extensions.toc".
Successfully loaded extension "markdown.extensions.toc.TocExtension".
Successfully imported extension module "markdown.extensions.toc".
Successfully loaded extension "markdown.extensions.toc.TocExtension".
Method Not Allowed: /submit/
Successfully imported extension module "markdown.extensions.toc".
Successfully loaded extension "markdown.extensions.toc.TocExtension".
Method Not Allowed: /submit/
C:\Users\User\PycharmProjects\Postgresql_DB\Sprint\tbase\models.py changed, reloading.
Watching for file changes with StatReloader
C:\Users\User\PycharmProjects\Postgresql_DB\Sprint\tbase\models.py changed, reloading.
Watching for file changes with StatReloader
C:\Users\User\PycharmProjects\Postgresql_DB\Sprint\tbase\serializers.py changed, reloading.
Watching for file changes with StatReloader
C:\Users\User\PycharmProjects\Postgresql_DB\Sprint\tbase\views.py changed, reloading.
Watching for file changes with StatReloader
Watching for file changes with StatReloader
Successfully imported extension module "markdown.extensions.toc".
Successfully loaded extension "markdown.extensions.toc.TocExtension".
Successfully imported extension module "markdown.extensions.toc".
Successfully loaded extension "markdown.extensions.toc.TocExtension".
Method Not Allowed: /submit/
Successfully imported extension module "markdown.extensions.toc".
Successfully loaded extension "markdown.extensions.toc.TocExtension".
Method Not Allowed: /submit/
Watching for file changes with StatReloader
Successfully imported extension module "markdown.extensions.toc".
Successfully loaded extension "markdown.extensions.toc.TocExtension".
Successfully imported extension module "markdown.extensions.toc".
Successfully loaded extension "markdown.extensions.toc.TocExtension".
Method Not Allowed: /submit/
Successfully imported extension module "markdown.extensions.toc".
Successfully loaded extension "markdown.extensions.toc.TocExtension".
Method Not Allowed: /submit/
C:\Users\User\PycharmProjects\Postgresql_DB\Sprint\tbase\serializers.py changed, reloading.
Watching for file changes with StatReloader
